C51 COMPILER V9.54   MAIN                                                                  09/27/2024 22:40:07 PAGE 1   


C51 COMPILER V9.54, COMPILATION OF MODULE MAIN
OBJECT MODULE PLACED IN .\Objects\main.obj
COMPILER INVOKED BY: D:\keilC51\C51\BIN\C51.EXE main.c OPTIMIZE(8,SPEED) BROWSE DEBUG OBJECTEXTEND PRINT(.\Listings\main
                    -.lst) TABS(2) OBJECT(.\Objects\main.obj)

line level    source

   1          #include <REGX52.H>
   2          #include "Timer0.h"
   3          
   4          void main ()
   5          {
   6   1        Timer0_Init();
   7   1        while(1)
   8   1        {
   9   2          
  10   2        }
  11   1      }
  12          
  13          void Timer0_Routine() interrupt 1
  14          {
  15   1        static unsigned int T0Count; //静态变量函数结束后保留赋值
  16   1        TH0=64536/256;
  17   1        TL0=64536%256;
  18   1        T0Count++;
  19   1        if(T0Count>=500)
  20   1        {
  21   2          T0Count=0;
  22   2          P2_0=~P2_0;
  23   2        }
  24   1      }


MODULE INFORMATION:   STATIC OVERLAYABLE
   CODE SIZE        =     45    ----
   CONSTANT SIZE    =   ----    ----
   XDATA SIZE       =   ----    ----
   PDATA SIZE       =   ----    ----
   DATA SIZE        =      2    ----
   IDATA SIZE       =   ----    ----
   BIT SIZE         =   ----    ----
END OF MODULE INFORMATION.


C51 COMPILATION COMPLETE.  0 WARNING(S),  0 ERROR(S)
