C51 COMPILER V9.54   TIMER0                                                                09/27/2024 22:35:07 PAGE 1   


C51 COMPILER V9.54, COMPILATION OF MODULE TIMER0
OBJECT MODULE PLACED IN .\Objects\Timer0.obj
COMPILER INVOKED BY: D:\keilC51\C51\BIN\C51.EXE Timer0.c OPTIMIZE(8,SPEED) BROWSE DEBUG OBJECTEXTEND PRINT(.\Listings\Ti
                    -mer0.lst) TABS(2) OBJECT(.\Objects\Timer0.obj)

line level    source

   1          #include <REGX52.H>
   2          
   3          void Timer0_Init()
   4          {
   5   1        TMOD=0x01; //0000 0001
   6   1        TF0=0;
   7   1        TR0=1;
   8   1        TH0=64536/256;//高8位表示为多少个低八位
   9   1        TL0=64536%256;//低8位求余
  10   1        ET0=1;
  11   1        EA=1;
  12   1        PT0=0;
  13   1        
  14   1      }
  15          /*定时器中断模板
  16          void Timer0_Routine() interrupt 1
  17          {
  18            static unsigned int T0Count; //静态变量函数结束后保留赋值
  19            TH0=64536/256;
  20            TL0=64536%256;
  21            T0Count++;
  22            if(T0Count>=500)
  23            {
  24              T0Count=0;
  25              P2_0=~P2_0;
  26            }
  27          }
  28          */


MODULE INFORMATION:   STATIC OVERLAYABLE
   CODE SIZE        =     20    ----
   CONSTANT SIZE    =   ----    ----
   XDATA SIZE       =   ----    ----
   PDATA SIZE       =   ----    ----
   DATA SIZE        =   ----    ----
   IDATA SIZE       =   ----    ----
   BIT SIZE         =   ----    ----
END OF MODULE INFORMATION.


C51 COMPILATION COMPLETE.  0 WARNING(S),  0 ERROR(S)
