C51 COMPILER V9.54   KEY                                                                   09/29/2024 15:38:03 PAGE 1   


C51 COMPILER V9.54, COMPILATION OF MODULE KEY
OBJECT MODULE PLACED IN .\Objects\key.obj
COMPILER INVOKED BY: D:\keilC51\C51\BIN\C51.EXE key.c OPTIMIZE(8,SPEED) BROWSE DEBUG OBJECTEXTEND PRINT(.\Listings\key.l
                    -st) TABS(2) OBJECT(.\Objects\key.obj)

line level    source

   1          #include <REGX52.H>
   2          #include "Delay.h"
   3          
   4          /*
   5            *@brief  삿혤뗌접객숩돨숩쯤
   6            *@param  轟
   7            *@retval 객苟객숩돨숩쯤 
   8          */
   9          
  10          unsigned char Key()
  11          {
  12   1        unsigned char KeyNumber=0;
  13   1        
  14   1        if(P3_1==0){Delay(20);while(P2_1==0);Delay(20);KeyNumber=1;}
  15   1        if(P3_0==0){Delay(20);while(P2_0==0);Delay(20);KeyNumber=2;}
  16   1        if(P3_2==0){Delay(20);while(P2_2==0);Delay(20);KeyNumber=3;}
  17   1        if(P3_3==0){Delay(20);while(P2_3==0);Delay(20);KeyNumber=4;}
  18   1        
  19   1        return KeyNumber;
  20   1      }
  21          
  22            
  23            


MODULE INFORMATION:   STATIC OVERLAYABLE
   CODE SIZE        =     97    ----
   CONSTANT SIZE    =   ----    ----
   XDATA SIZE       =   ----    ----
   PDATA SIZE       =   ----    ----
   DATA SIZE        =   ----       1
   IDATA SIZE       =   ----    ----
   BIT SIZE         =   ----    ----
END OF MODULE INFORMATION.


C51 COMPILATION COMPLETE.  0 WARNING(S),  0 ERROR(S)
