C51 COMPILER V9.54   MAIN                                                                  09/29/2024 15:56:16 PAGE 1   


C51 COMPILER V9.54, COMPILATION OF MODULE MAIN
OBJECT MODULE PLACED IN .\Objects\main.obj
COMPILER INVOKED BY: D:\keilC51\C51\BIN\C51.EXE main.c OPTIMIZE(8,SPEED) BROWSE DEBUG OBJECTEXTEND PRINT(.\Listings\main
                    -.lst) TABS(2) OBJECT(.\Objects\main.obj)

line level    source

   1          #include <REGX52.H>
   2          #include "Timer0.h"
   3          #include "Key.h"
   4          #include <INTRINS.H>
   5          
   6          
   7          unsigned char KeyNum,LEDMode;
   8          
   9          void main ()
  10          {
  11   1        P2=0xFE;//1111 1110
  12   1        Timer0_Init();
  13   1        while(1)
  14   1        {
  15   2          KeyNum=Key();
  16   2          if(KeyNum)
  17   2          {
  18   3            if(KeyNum==1);
  19   3            {
  20   4              LEDMode++;
  21   4              if(LEDMode>=2)LEDMode=0;
  22   4              
  23   4            }
  24   3            if(KeyNum==2)P2_2=~P2_2;
  25   3            if(KeyNum==3)P2_3=~P2_3;
  26   3            if(KeyNum==4)P2_4=~P2_4;
  27   3          }
  28   2          
  29   2        }
  30   1      }
  31          
  32          void Timer0_Routine() interrupt 1
  33          {
  34   1        static unsigned int T0Count; //静态变量函数结束后保留赋值
  35   1        TH0=64536/256;//设置定时初值
  36   1        TL0=64536%256;//设置定时初值
  37   1        T0Count++;
  38   1        if(T0Count>=500)
  39   1        {
  40   2          T0Count=0;
  41   2          if(LEDMode==0)
  42   2            P2=_crol_(P2,1);//循环左移
  43   2          if(LEDMode==1)
  44   2            P2=_cror_(P2,1);//循环右移
  45   2        }
  46   1      }


MODULE INFORMATION:   STATIC OVERLAYABLE
   CODE SIZE        =    134    ----
   CONSTANT SIZE    =   ----    ----
   XDATA SIZE       =   ----    ----
   PDATA SIZE       =   ----    ----
   DATA SIZE        =      4    ----
C51 COMPILER V9.54   MAIN                                                                  09/29/2024 15:56:16 PAGE 2   

   IDATA SIZE       =   ----    ----
   BIT SIZE         =   ----    ----
END OF MODULE INFORMATION.


C51 COMPILATION COMPLETE.  0 WARNING(S),  0 ERROR(S)
